app/build/intermediates/manifest_merge_blame_file/debug/manifest-merger-blame-debug-report.txt
1<?xml version="1.0" encoding="utf-8"?>
2<!--
3    ~ Copyright 2022 The TensorFlow Authors. All Rights Reserved.
4    ~
5    ~ Licensed under the Apache License, Version 2.0 (the "License");
6    ~ you may not use this file except in compliance with the License.
7    ~ You may obtain a copy of the License at
8    ~
9    ~       http://www.apache.org/licenses/LICENSE-2.0
10    ~
11    ~ Unless required by applicable law or agreed to in writing, software
12    ~ distributed under the License is distributed on an "AS IS" BASIS,
13    ~ WITHOUT WARRANTIES OR CONDITIONS OF ANY KIND, either express or implied.
14    ~ See the License for the specific language governing permissions and
15    ~ limitations under the License.
16-->
17<manifest xmlns:android="http://schemas.android.com/apk/res/android"
18    xmlns:dist="http://schemas.android.com/apk/distribution"
19    package="com.zayd.smartapp"
20    android:versionCode="1"
21    android:versionName="1.0" >
22
23    <uses-sdk
24        android:minSdkVersion="23"
24-->src\main\AndroidManifest.xml
25        android:targetSdkVersion="34" />
25-->src\main\AndroidManifest.xml
26
27    <!-- Enable instant app support -->
28    <dist:module dist:instant="true" />
28-->src\main\AndroidManifest.xml:23:5-40
28-->src\main\AndroidManifest.xml:23:18-37
29
30    <!-- Declare features -->
31    <uses-feature android:name="android.hardware.camera" />
31-->src\main\AndroidManifest.xml:26:5-60
31-->src\main\AndroidManifest.xml:26:19-57
32
33    <!-- Declare permissions -->
34    <uses-permission android:name="android.permission.CAMERA" />
34-->src\main\AndroidManifest.xml:29:5-65
34-->src\main\AndroidManifest.xml:29:22-62
35
36    <permission
36-->[androidx.core:core:1.9.0] AndroidManifest.xml:22:5-24:47
37        android:name="com.zayd.smartapp.DYNAMIC_RECEIVER_NOT_EXPORTED_PERMISSION"
37-->[androidx.core:core:1.9.0] AndroidManifest.xml:23:9-81
38        android:protectionLevel="signature" />
38-->[androidx.core:core:1.9.0] AndroidManifest.xml:24:9-44
39
40    <uses-permission android:name="com.zayd.smartapp.DYNAMIC_RECEIVER_NOT_EXPORTED_PERMISSION" />
40-->[androidx.core:core:1.9.0] AndroidManifest.xml:26:5-97
40-->[androidx.core:core:1.9.0] AndroidManifest.xml:26:22-94
41    <uses-permission android:name="android.permission.WRITE_EXTERNAL_STORAGE" />
42    <uses-permission android:name="android.permission.READ_PHONE_STATE" />
43    <uses-permission android:name="android.permission.READ_EXTERNAL_STORAGE" />
44
45    <application
45-->src\main\AndroidManifest.xml:31:5-62:19
46        android:allowBackup="true"
46-->src\main\AndroidManifest.xml:32:9-35
47        android:appComponentFactory="androidx.core.app.CoreComponentFactory"
47-->[androidx.core:core:1.9.0] AndroidManifest.xml:28:18-86
48        android:debuggable="true"
49        android:extractNativeLibs="false"
50        android:icon="@mipmap/ic_launcher"
50-->src\main\AndroidManifest.xml:33:9-43
51        android:label="@string/app_name"
51-->src\main\AndroidManifest.xml:34:9-41
52        android:roundIcon="@mipmap/ic_launcher_round"
52-->src\main\AndroidManifest.xml:35:9-54
53        android:supportsRtl="true"
53-->src\main\AndroidManifest.xml:36:9-35
54        android:taskAffinity=""
54-->src\main\AndroidManifest.xml:37:9-32
55        android:testOnly="true" >
56        <activity
56-->src\main\AndroidManifest.xml:40:9-61:20
57            android:name="org.tensorflow.lite.examples.imageclassification.MainActivity"
57-->src\main\AndroidManifest.xml:41:13-41
58            android:clearTaskOnLaunch="true"
58-->src\main\AndroidManifest.xml:42:13-45
59            android:configChanges="orientation|screenLayout|screenSize|smallestScreenSize"
59-->src\main\AndroidManifest.xml:43:13-91
60            android:exported="true"
60-->src\main\AndroidManifest.xml:44:13-36
61            android:resizeableActivity="true"
61-->src\main\AndroidManifest.xml:45:13-46
62            android:rotationAnimation="seamless"
62-->src\main\AndroidManifest.xml:46:13-49
63            android:theme="@style/AppTheme" >
63-->src\main\AndroidManifest.xml:47:13-44
64
65            <!-- Main app intent filter -->
66            <intent-filter>
66-->src\main\AndroidManifest.xml:51:13-55:29
67                <action android:name="android.intent.action.MAIN" />
67-->src\main\AndroidManifest.xml:52:17-69
67-->src\main\AndroidManifest.xml:52:25-66
68
69                <category android:name="android.intent.category.LAUNCHER" />
69-->src\main\AndroidManifest.xml:54:17-77
69-->src\main\AndroidManifest.xml:54:27-74
70            </intent-filter>
71
72            <!-- Declare notch support -->
73            <meta-data
73-->src\main\AndroidManifest.xml:58:13-60:40
74                android:name="android.notch_support"
74-->src\main\AndroidManifest.xml:59:17-53
75                android:value="true" />
75-->src\main\AndroidManifest.xml:60:17-37
76        </activity>
77
78        <uses-library
78-->[androidx.window:window:1.1.0-alpha02] AndroidManifest.xml:25:9-27:40
79            android:name="androidx.window.extensions"
79-->[androidx.window:window:1.1.0-alpha02] AndroidManifest.xml:26:13-54
80            android:required="false" />
80-->[androidx.window:window:1.1.0-alpha02] AndroidManifest.xml:27:13-37
81        <uses-library
81-->[androidx.window:window:1.1.0-alpha02] AndroidManifest.xml:28:9-30:40
82            android:name="androidx.window.sidecar"
82-->[androidx.window:window:1.1.0-alpha02] AndroidManifest.xml:29:13-51
83            android:required="false" />
83-->[androidx.window:window:1.1.0-alpha02] AndroidManifest.xml:30:13-37
84
85        <service
85-->[androidx.camera:camera-camera2:1.2.0-alpha02] AndroidManifest.xml:25:9-34:19
86            android:name="androidx.camera.core.impl.MetadataHolderService"
86-->[androidx.camera:camera-camera2:1.2.0-alpha02] AndroidManifest.xml:26:13-75
87            android:enabled="false"
87-->[androidx.camera:camera-camera2:1.2.0-alpha02] AndroidManifest.xml:27:13-36
88            android:exported="false" >
88-->[androidx.camera:camera-camera2:1.2.0-alpha02] AndroidManifest.xml:28:13-37
89            <meta-data
89-->[androidx.camera:camera-camera2:1.2.0-alpha02] AndroidManifest.xml:31:13-33:89
90                android:name="androidx.camera.core.impl.MetadataHolderService.DEFAULT_CONFIG_PROVIDER"
90-->[androidx.camera:camera-camera2:1.2.0-alpha02] AndroidManifest.xml:32:17-103
91                android:value="androidx.camera.camera2.Camera2Config$DefaultProvider" />
91-->[androidx.camera:camera-camera2:1.2.0-alpha02] AndroidManifest.xml:33:17-86
92        </service>
93
94        <provider
94-->[androidx.emoji2:emoji2:1.0.0] AndroidManifest.xml:26:9-34:20
95            android:name="androidx.startup.InitializationProvider"
95-->[androidx.emoji2:emoji2:1.0.0] AndroidManifest.xml:27:13-67
96            android:authorities="com.zayd.smartapp.androidx-startup"
96-->[androidx.emoji2:emoji2:1.0.0] AndroidManifest.xml:28:13-68
97            android:exported="false" >
97-->[androidx.emoji2:emoji2:1.0.0] AndroidManifest.xml:29:13-37
98            <meta-data
98-->[androidx.emoji2:emoji2:1.0.0] AndroidManifest.xml:31:13-33:52
99                android:name="androidx.emoji2.text.EmojiCompatInitializer"
99-->[androidx.emoji2:emoji2:1.0.0] AndroidManifest.xml:32:17-75
100                android:value="androidx.startup" />
100-->[androidx.emoji2:emoji2:1.0.0] AndroidManifest.xml:33:17-49
101            <meta-data
101-->[androidx.lifecycle:lifecycle-process:2.4.0] AndroidManifest.xml:31:13-33:52
102                android:name="androidx.lifecycle.ProcessLifecycleInitializer"
102-->[androidx.lifecycle:lifecycle-process:2.4.0] AndroidManifest.xml:32:17-78
103                android:value="androidx.startup" />
103-->[androidx.lifecycle:lifecycle-process:2.4.0] AndroidManifest.xml:33:17-49
104        </provider>
105    </application>
106
107</manifest>